<?xml version="1.0" encoding="utf-8"?><testsuites name="pytest tests"><testsuite name="pytest" errors="0" failures="0" skipped="0" tests="12" time="3.111" timestamp="2026-04-17T10:14:37.534389+00:00" hostname="agent-env-1f167e86-3b45-4dee-933a-fc574e9dc119"><testcase classname="backend.tests.test_report_endpoints" name="test_get_report_seeded_payload" time="0.127" /><testcase classname="backend.tests.test_report_endpoints" name="test_get_report_summary_counts_match_report" time="0.151" /><testcase classname="backend.tests.test_report_endpoints" name="test_get_report_actions_list" time="0.112" /><testcase classname="backend.tests.test_report_endpoints" name="test_patch_action_status_updates_and_persists" time="0.231" /><testcase classname="backend.tests.test_report_endpoints" name="test_patch_action_status_returns_404_for_unknown_action" time="0.105" /><testcase classname="backend.tests.test_report_endpoints" name="test_patch_action_status_rejects_invalid_status" time="0.148" /><testcase classname="backend.tests.test_report_upload_workflow" name="test_upload_preview_accepts_pdf_and_returns_expected_shape" time="0.138" /><testcase classname="backend.tests.test_report_upload_workflow" name="test_upload_preview_accepts_docx" time="0.151" /><testcase classname="backend.tests.test_report_upload_workflow" name="test_upload_preview_rejects_unsupported_file_type" time="0.103" /><testcase classname="backend.tests.test_report_upload_workflow" name="test_upload_preview_rejects_empty_file" time="0.104" /><testcase classname="backend.tests.test_report_upload_workflow" name="test_apply_preview_updates_report_and_history" time="0.275" /><testcase classname="backend.tests.test_report_upload_workflow" name="test_upload_history_keeps_max_ten_records" time="1.347" /></testsuite></testsuites>