<?xml version="1.0" encoding="utf-8"?><testsuites name="pytest tests"><testsuite name="pytest" errors="0" failures="0" skipped="0" tests="6" time="1.143" timestamp="2026-04-17T09:46:51.173579+00:00" hostname="agent-env-1f167e86-3b45-4dee-933a-fc574e9dc119"><testcase classname="backend.tests.test_report_endpoints" name="test_get_report_seeded_payload" time="0.310" /><testcase classname="backend.tests.test_report_endpoints" name="test_get_report_summary_counts_match_report" time="0.153" /><testcase classname="backend.tests.test_report_endpoints" name="test_get_report_actions_list" time="0.104" /><testcase classname="backend.tests.test_report_endpoints" name="test_patch_action_status_updates_and_persists" time="0.238" /><testcase classname="backend.tests.test_report_endpoints" name="test_patch_action_status_returns_404_for_unknown_action" time="0.103" /><testcase classname="backend.tests.test_report_endpoints" name="test_patch_action_status_rejects_invalid_status" time="0.142" /></testsuite></testsuites>